<?xml version="1.0" encoding="UTF-8"?>
<!-- Generated by org.testng.reporters.JUnitReportReporter -->
<testsuite hostname="Bakos" failures="0" tests="2" name="testCases.LoginTest" time="26.906" errors="0" timestamp="2023-11-25T08:48:18 CST" skipped="0">
  <testcase classname="testCases.LoginTest" name="LoginSuccessTest" time="12.518"/>
  <testcase classname="testCases.LoginTest" name="LoginFailureTest" time="14.388"/>
</testsuite> <!-- testCases.LoginTest -->
