<?xml version="1.0" encoding="UTF-8"?>
<!-- Generated by org.testng.reporters.JUnitReportReporter -->
<testsuite hostname="Bakos" failures="0" tests="1" name="testCases.LoginTest" time="15.019" errors="0" timestamp="2024-01-09T10:55:39 CST" skipped="0">
  <testcase classname="testCases.LoginTest" name="LoginFailureTest" time="15.019"/>
</testsuite> <!-- testCases.LoginTest -->
