<?xml version="1.0" encoding="UTF-8"?>
<!-- Generated by org.testng.reporters.JUnitReportReporter -->
<testsuite hostname="Bakos" failures="0" tests="2" name="testCases.LoginTest" time="29.715" errors="0" timestamp="2023-11-25T08:24:48 CST" skipped="0">
  <testcase classname="testCases.LoginTest" name="LoginSuccessTest" time="17.619"/>
  <testcase classname="testCases.LoginTest" name="LoginFailureTest" time="12.096"/>
</testsuite> <!-- testCases.LoginTest -->
